2019/11/20 23:42:28 [error] [exception.CDbException] exception 'CDbException' with message 'CDbConnection failed to open the DB connection: SQLSTATE[HY000] [2002] No such file or directory' in /var/www/html/framework/db/CDbConnection.php:399
Stack trace:
#0 /var/www/html/framework/db/CDbConnection.php(347): CDbConnection->open()
#1 /var/www/html/framework/db/CDbConnection.php(325): CDbConnection->setActive(true)
#2 /var/www/html/framework/base/CModule.php(394): CDbConnection->init()
#3 /var/www/html/framework/base/CApplication.php(459): CModule->getComponent('db')
#4 /var/www/html/framework/db/ar/CActiveRecord.php(639): CApplication->getDb()
#5 /var/www/html/framework/db/ar/CActiveRecord.php(2389): CActiveRecord->getDbConnection()
#6 /var/www/html/framework/db/ar/CActiveRecord.php(413): CActiveRecordMetaData->__construct(Object(Users))
#7 /var/www/html/framework/db/ar/CActiveRecord.php(79): CActiveRecord->getMetaData()
#8 /var/www/html/protected/controllers/SiteController.php(75): CActiveRecord->__construct()
#9 /var/www/html/framework/web/actions/CInlineAction.php(49): SiteController->actionRegistration()
#10 /var/www/html/framework/web/CController.php(308): CInlineAction->runWithParams(Array)
#11 /var/www/html/framework/web/CController.php(286): CController->runAction(Object(CInlineAction))
#12 /var/www/html/framework/web/CController.php(265): CController->runActionWithFilters(Object(CInlineAction), Array)
#13 /var/www/html/framework/web/CWebApplication.php(282): CController->run('registration')
#14 /var/www/html/framework/web/CWebApplication.php(141): CWebApplication->runController('site/registrati...')
#15 /var/www/html/framework/base/CApplication.php(185): CWebApplication->processRequest()
#16 /var/www/html/index.php(13): CApplication->run()
#17 {main}
REQUEST_URI=/index.php?r=site/registration
HTTP_REFERER=http://10.1.3.2:5000/
---
2019/11/21 00:00:32 [error] [exception.CDbException] exception 'CDbException' with message 'CDbConnection failed to open the DB connection: SQLSTATE[HY000] [2002] No such file or directory' in /var/www/html/framework/db/CDbConnection.php:399
Stack trace:
#0 /var/www/html/framework/db/CDbConnection.php(347): CDbConnection->open()
#1 /var/www/html/framework/db/CDbConnection.php(325): CDbConnection->setActive(true)
#2 /var/www/html/framework/base/CModule.php(394): CDbConnection->init()
#3 /var/www/html/framework/base/CApplication.php(459): CModule->getComponent('db')
#4 /var/www/html/framework/db/ar/CActiveRecord.php(639): CApplication->getDb()
#5 /var/www/html/framework/db/ar/CActiveRecord.php(2389): CActiveRecord->getDbConnection()
#6 /var/www/html/framework/db/ar/CActiveRecord.php(413): CActiveRecordMetaData->__construct(Object(Users))
#7 /var/www/html/framework/db/ar/CActiveRecord.php(79): CActiveRecord->getMetaData()
#8 /var/www/html/protected/controllers/SiteController.php(75): CActiveRecord->__construct()
#9 /var/www/html/framework/web/actions/CInlineAction.php(49): SiteController->actionRegistration()
#10 /var/www/html/framework/web/CController.php(308): CInlineAction->runWithParams(Array)
#11 /var/www/html/framework/web/CController.php(286): CController->runAction(Object(CInlineAction))
#12 /var/www/html/framework/web/CController.php(265): CController->runActionWithFilters(Object(CInlineAction), Array)
#13 /var/www/html/framework/web/CWebApplication.php(282): CController->run('registration')
#14 /var/www/html/framework/web/CWebApplication.php(141): CWebApplication->runController('site/registrati...')
#15 /var/www/html/framework/base/CApplication.php(185): CWebApplication->processRequest()
#16 /var/www/html/index.php(13): CApplication->run()
#17 {main}
REQUEST_URI=/index.php?r=site/registration
HTTP_REFERER=http://10.1.3.2:5000/
---
2019/11/21 00:02:27 [error] [exception.CDbException] exception 'CDbException' with message 'CDbConnection failed to open the DB connection: SQLSTATE[HY000] [2002] No such file or directory' in /var/www/html/framework/db/CDbConnection.php:399
Stack trace:
#0 /var/www/html/framework/db/CDbConnection.php(347): CDbConnection->open()
#1 /var/www/html/framework/db/CDbConnection.php(325): CDbConnection->setActive(true)
#2 /var/www/html/framework/base/CModule.php(394): CDbConnection->init()
#3 /var/www/html/framework/base/CApplication.php(459): CModule->getComponent('db')
#4 /var/www/html/framework/db/ar/CActiveRecord.php(639): CApplication->getDb()
#5 /var/www/html/framework/db/ar/CActiveRecord.php(2389): CActiveRecord->getDbConnection()
#6 /var/www/html/framework/db/ar/CActiveRecord.php(413): CActiveRecordMetaData->__construct(Object(Users))
#7 /var/www/html/framework/db/ar/CActiveRecord.php(79): CActiveRecord->getMetaData()
#8 /var/www/html/protected/controllers/SiteController.php(75): CActiveRecord->__construct()
#9 /var/www/html/framework/web/actions/CInlineAction.php(49): SiteController->actionRegistration()
#10 /var/www/html/framework/web/CController.php(308): CInlineAction->runWithParams(Array)
#11 /var/www/html/framework/web/CController.php(286): CController->runAction(Object(CInlineAction))
#12 /var/www/html/framework/web/CController.php(265): CController->runActionWithFilters(Object(CInlineAction), Array)
#13 /var/www/html/framework/web/CWebApplication.php(282): CController->run('registration')
#14 /var/www/html/framework/web/CWebApplication.php(141): CWebApplication->runController('site/registrati...')
#15 /var/www/html/framework/base/CApplication.php(185): CWebApplication->processRequest()
#16 /var/www/html/index.php(13): CApplication->run()
#17 {main}
REQUEST_URI=/index.php?r=site/registration
HTTP_REFERER=http://10.1.3.2:5000/
---
2019/11/21 00:02:28 [error] [exception.CDbException] exception 'CDbException' with message 'CDbConnection failed to open the DB connection: SQLSTATE[HY000] [2002] No such file or directory' in /var/www/html/framework/db/CDbConnection.php:399
Stack trace:
#0 /var/www/html/framework/db/CDbConnection.php(347): CDbConnection->open()
#1 /var/www/html/framework/db/CDbConnection.php(325): CDbConnection->setActive(true)
#2 /var/www/html/framework/base/CModule.php(394): CDbConnection->init()
#3 /var/www/html/framework/base/CApplication.php(459): CModule->getComponent('db')
#4 /var/www/html/framework/db/ar/CActiveRecord.php(639): CApplication->getDb()
#5 /var/www/html/framework/db/ar/CActiveRecord.php(2389): CActiveRecord->getDbConnection()
#6 /var/www/html/framework/db/ar/CActiveRecord.php(413): CActiveRecordMetaData->__construct(Object(Users))
#7 /var/www/html/framework/db/ar/CActiveRecord.php(79): CActiveRecord->getMetaData()
#8 /var/www/html/protected/controllers/SiteController.php(75): CActiveRecord->__construct()
#9 /var/www/html/framework/web/actions/CInlineAction.php(49): SiteController->actionRegistration()
#10 /var/www/html/framework/web/CController.php(308): CInlineAction->runWithParams(Array)
#11 /var/www/html/framework/web/CController.php(286): CController->runAction(Object(CInlineAction))
#12 /var/www/html/framework/web/CController.php(265): CController->runActionWithFilters(Object(CInlineAction), Array)
#13 /var/www/html/framework/web/CWebApplication.php(282): CController->run('registration')
#14 /var/www/html/framework/web/CWebApplication.php(141): CWebApplication->runController('site/registrati...')
#15 /var/www/html/framework/base/CApplication.php(185): CWebApplication->processRequest()
#16 /var/www/html/index.php(13): CApplication->run()
#17 {main}
REQUEST_URI=/index.php?r=site/registration
HTTP_REFERER=http://10.1.3.2:5000/
---
2019/11/21 00:03:54 [error] [exception.CDbException] exception 'CDbException' with message 'CDbConnection failed to open the DB connection: SQLSTATE[HY000] [2002] No such file or directory' in /var/www/html/framework/db/CDbConnection.php:399
Stack trace:
#0 /var/www/html/framework/db/CDbConnection.php(347): CDbConnection->open()
#1 /var/www/html/framework/db/CDbConnection.php(325): CDbConnection->setActive(true)
#2 /var/www/html/framework/base/CModule.php(394): CDbConnection->init()
#3 /var/www/html/framework/base/CApplication.php(459): CModule->getComponent('db')
#4 /var/www/html/framework/db/ar/CActiveRecord.php(639): CApplication->getDb()
#5 /var/www/html/framework/db/ar/CActiveRecord.php(2389): CActiveRecord->getDbConnection()
#6 /var/www/html/framework/db/ar/CActiveRecord.php(413): CActiveRecordMetaData->__construct(Object(Users))
#7 /var/www/html/framework/db/ar/CActiveRecord.php(79): CActiveRecord->getMetaData()
#8 /var/www/html/protected/controllers/SiteController.php(75): CActiveRecord->__construct()
#9 /var/www/html/framework/web/actions/CInlineAction.php(49): SiteController->actionRegistration()
#10 /var/www/html/framework/web/CController.php(308): CInlineAction->runWithParams(Array)
#11 /var/www/html/framework/web/CController.php(286): CController->runAction(Object(CInlineAction))
#12 /var/www/html/framework/web/CController.php(265): CController->runActionWithFilters(Object(CInlineAction), Array)
#13 /var/www/html/framework/web/CWebApplication.php(282): CController->run('registration')
#14 /var/www/html/framework/web/CWebApplication.php(141): CWebApplication->runController('site/registrati...')
#15 /var/www/html/framework/base/CApplication.php(185): CWebApplication->processRequest()
#16 /var/www/html/index.php(13): CApplication->run()
#17 {main}
REQUEST_URI=/index.php?r=site/registration
HTTP_REFERER=http://10.1.3.2:5000/
---
2019/11/21 00:03:56 [error] [exception.CDbException] exception 'CDbException' with message 'CDbConnection failed to open the DB connection: SQLSTATE[HY000] [2002] No such file or directory' in /var/www/html/framework/db/CDbConnection.php:399
Stack trace:
#0 /var/www/html/framework/db/CDbConnection.php(347): CDbConnection->open()
#1 /var/www/html/framework/db/CDbConnection.php(325): CDbConnection->setActive(true)
#2 /var/www/html/framework/base/CModule.php(394): CDbConnection->init()
#3 /var/www/html/framework/base/CApplication.php(459): CModule->getComponent('db')
#4 /var/www/html/framework/db/ar/CActiveRecord.php(639): CApplication->getDb()
#5 /var/www/html/framework/db/ar/CActiveRecord.php(2389): CActiveRecord->getDbConnection()
#6 /var/www/html/framework/db/ar/CActiveRecord.php(413): CActiveRecordMetaData->__construct(Object(Users))
#7 /var/www/html/framework/db/ar/CActiveRecord.php(79): CActiveRecord->getMetaData()
#8 /var/www/html/protected/controllers/SiteController.php(75): CActiveRecord->__construct()
#9 /var/www/html/framework/web/actions/CInlineAction.php(49): SiteController->actionRegistration()
#10 /var/www/html/framework/web/CController.php(308): CInlineAction->runWithParams(Array)
#11 /var/www/html/framework/web/CController.php(286): CController->runAction(Object(CInlineAction))
#12 /var/www/html/framework/web/CController.php(265): CController->runActionWithFilters(Object(CInlineAction), Array)
#13 /var/www/html/framework/web/CWebApplication.php(282): CController->run('registration')
#14 /var/www/html/framework/web/CWebApplication.php(141): CWebApplication->runController('site/registrati...')
#15 /var/www/html/framework/base/CApplication.php(185): CWebApplication->processRequest()
#16 /var/www/html/index.php(13): CApplication->run()
#17 {main}
REQUEST_URI=/index.php?r=site/registration
HTTP_REFERER=http://10.1.3.2:5000/
---
2019/11/21 00:05:11 [error] [exception.CDbException] exception 'CDbException' with message 'CDbConnection failed to open the DB connection: SQLSTATE[HY000] [2002] No such file or directory' in /var/www/html/framework/db/CDbConnection.php:399
Stack trace:
#0 /var/www/html/framework/db/CDbConnection.php(347): CDbConnection->open()
#1 /var/www/html/framework/db/CDbConnection.php(325): CDbConnection->setActive(true)
#2 /var/www/html/framework/base/CModule.php(394): CDbConnection->init()
#3 /var/www/html/framework/base/CApplication.php(459): CModule->getComponent('db')
#4 /var/www/html/framework/db/ar/CActiveRecord.php(639): CApplication->getDb()
#5 /var/www/html/framework/db/ar/CActiveRecord.php(2389): CActiveRecord->getDbConnection()
#6 /var/www/html/framework/db/ar/CActiveRecord.php(413): CActiveRecordMetaData->__construct(Object(Users))
#7 /var/www/html/framework/db/ar/CActiveRecord.php(79): CActiveRecord->getMetaData()
#8 /var/www/html/protected/controllers/SiteController.php(45): CActiveRecord->__construct()
#9 /var/www/html/framework/web/actions/CInlineAction.php(49): SiteController->actionLogin()
#10 /var/www/html/framework/web/CController.php(308): CInlineAction->runWithParams(Array)
#11 /var/www/html/framework/web/CController.php(286): CController->runAction(Object(CInlineAction))
#12 /var/www/html/framework/web/CController.php(265): CController->runActionWithFilters(Object(CInlineAction), Array)
#13 /var/www/html/framework/web/CWebApplication.php(282): CController->run('login')
#14 /var/www/html/framework/web/CWebApplication.php(141): CWebApplication->runController('site/login')
#15 /var/www/html/framework/base/CApplication.php(185): CWebApplication->processRequest()
#16 /var/www/html/index.php(13): CApplication->run()
#17 {main}
REQUEST_URI=/index.php?r=site/login
HTTP_REFERER=http://10.1.3.2:5000/
---
2019/11/21 21:57:25 [error] [exception.CDbException] exception 'CDbException' with message 'CDbConnection failed to open the DB connection: SQLSTATE[HY000] [1045] Access denied for user 'pifi'@'172.29.0.4' (using password: YES)' in /var/www/html/framework/db/CDbConnection.php:399
Stack trace:
#0 /var/www/html/framework/db/CDbConnection.php(347): CDbConnection->open()
#1 /var/www/html/framework/db/CDbConnection.php(325): CDbConnection->setActive(true)
#2 /var/www/html/framework/base/CModule.php(394): CDbConnection->init()
#3 /var/www/html/framework/base/CApplication.php(459): CModule->getComponent('db')
#4 /var/www/html/framework/db/ar/CActiveRecord.php(639): CApplication->getDb()
#5 /var/www/html/framework/db/ar/CActiveRecord.php(1436): CActiveRecord->getDbConnection()
#6 /var/www/html/framework/db/ar/CActiveRecord.php(1525): CActiveRecord->getTableAlias(true)
#7 /var/www/html/protected/models/Users.php(129): CActiveRecord->findByAttributes(Array)
#8 /var/www/html/protected/views/layouts/main.php(82): Users::checkAuth()
#9 /var/www/html/framework/web/CBaseController.php(126): require('/var/www/html/p...')
#10 /var/www/html/framework/web/CBaseController.php(95): CBaseController->renderInternal('/var/www/html/p...', Array, true)
#11 /var/www/html/framework/web/widgets/CContentDecorator.php(76): CBaseController->renderFile('/var/www/html/p...', Array, true)
#12 /var/www/html/framework/web/widgets/CContentDecorator.php(54): CContentDecorator->decorate('<div id="conten...')
#13 /var/www/html/framework/web/widgets/COutputProcessor.php(44): CContentDecorator->processOutput('<div id="conten...')
#14 /var/www/html/framework/web/CBaseController.php(215): COutputProcessor->run()
#15 /var/www/html/framework/web/CBaseController.php(309): CBaseController->endWidget('CContentDecorat...')
#16 /var/www/html/protected/views/layouts/column1.php(6): CBaseController->endContent()
#17 /var/www/html/framework/web/CBaseController.php(126): require('/var/www/html/p...')
#18 /var/www/html/framework/web/CBaseController.php(95): CBaseController->renderInternal('/var/www/html/p...', Array, true)
#19 /var/www/html/framework/web/CController.php(787): CBaseController->renderFile('/var/www/html/p...', Array, true)
#20 /var/www/html/protected/controllers/SiteController.php(41): CController->render('index', Array)
#21 /var/www/html/framework/web/actions/CInlineAction.php(49): SiteController->actionIndex()
#22 /var/www/html/framework/web/CController.php(308): CInlineAction->runWithParams(Array)
#23 /var/www/html/framework/web/CController.php(286): CController->runAction(Object(CInlineAction))
#24 /var/www/html/framework/web/CController.php(265): CController->runActionWithFilters(Object(CInlineAction), Array)
#25 /var/www/html/framework/web/CWebApplication.php(282): CController->run('index')
#26 /var/www/html/framework/web/CWebApplication.php(141): CWebApplication->runController('site/index')
#27 /var/www/html/framework/base/CApplication.php(185): CWebApplication->processRequest()
#28 /var/www/html/index.php(13): CApplication->run()
#29 {main}
REQUEST_URI=/index.php?r=site/index
HTTP_REFERER=http://10.1.3.2:5000/index.php?r=site/registration
---
2019/12/16 11:31:04 [error] [exception.CDbException] exception 'CDbException' with message 'CDbConnection failed to open the DB connection: SQLSTATE[HY000] [1044] Access denied for user 'pifi'@'%' to database 'matrix-ctf'' in /var/www/html/framework/db/CDbConnection.php:399
Stack trace:
#0 /var/www/html/framework/db/CDbConnection.php(347): CDbConnection->open()
#1 /var/www/html/framework/db/CDbConnection.php(325): CDbConnection->setActive(true)
#2 /var/www/html/framework/base/CModule.php(394): CDbConnection->init()
#3 /var/www/html/framework/base/CApplication.php(459): CModule->getComponent('db')
#4 /var/www/html/framework/db/ar/CActiveRecord.php(639): CApplication->getDb()
#5 /var/www/html/framework/db/ar/CActiveRecord.php(2389): CActiveRecord->getDbConnection()
#6 /var/www/html/framework/db/ar/CActiveRecord.php(413): CActiveRecordMetaData->__construct(Object(Users))
#7 /var/www/html/framework/db/ar/CActiveRecord.php(79): CActiveRecord->getMetaData()
#8 /var/www/html/protected/controllers/SiteController.php(45): CActiveRecord->__construct()
#9 /var/www/html/framework/web/actions/CInlineAction.php(49): SiteController->actionLogin()
#10 /var/www/html/framework/web/CController.php(308): CInlineAction->runWithParams(Array)
#11 /var/www/html/framework/web/CController.php(286): CController->runAction(Object(CInlineAction))
#12 /var/www/html/framework/web/CController.php(265): CController->runActionWithFilters(Object(CInlineAction), Array)
#13 /var/www/html/framework/web/CWebApplication.php(282): CController->run('login')
#14 /var/www/html/framework/web/CWebApplication.php(141): CWebApplication->runController('site/login')
#15 /var/www/html/framework/base/CApplication.php(185): CWebApplication->processRequest()
#16 /var/www/html/index.php(13): CApplication->run()
#17 {main}
REQUEST_URI=/index.php?r=site/login
HTTP_REFERER=http://localhost:5000/
---
2019/12/16 11:35:48 [error] [exception.CDbException] exception 'CDbException' with message 'CDbConnection failed to open the DB connection: SQLSTATE[HY000] [2002] php_network_getaddresses: getaddrinfo failed: Name or service not known' in /var/www/html/framework/db/CDbConnection.php:399
Stack trace:
#0 /var/www/html/framework/db/CDbConnection.php(347): CDbConnection->open()
#1 /var/www/html/framework/db/CDbConnection.php(325): CDbConnection->setActive(true)
#2 /var/www/html/framework/base/CModule.php(394): CDbConnection->init()
#3 /var/www/html/framework/base/CApplication.php(459): CModule->getComponent('db')
#4 /var/www/html/framework/db/ar/CActiveRecord.php(639): CApplication->getDb()
#5 /var/www/html/framework/db/ar/CActiveRecord.php(2389): CActiveRecord->getDbConnection()
#6 /var/www/html/framework/db/ar/CActiveRecord.php(413): CActiveRecordMetaData->__construct(Object(Users))
#7 /var/www/html/framework/db/ar/CActiveRecord.php(79): CActiveRecord->getMetaData()
#8 /var/www/html/protected/controllers/SiteController.php(45): CActiveRecord->__construct()
#9 /var/www/html/framework/web/actions/CInlineAction.php(49): SiteController->actionLogin()
#10 /var/www/html/framework/web/CController.php(308): CInlineAction->runWithParams(Array)
#11 /var/www/html/framework/web/CController.php(286): CController->runAction(Object(CInlineAction))
#12 /var/www/html/framework/web/CController.php(265): CController->runActionWithFilters(Object(CInlineAction), Array)
#13 /var/www/html/framework/web/CWebApplication.php(282): CController->run('login')
#14 /var/www/html/framework/web/CWebApplication.php(141): CWebApplication->runController('site/login')
#15 /var/www/html/framework/base/CApplication.php(185): CWebApplication->processRequest()
#16 /var/www/html/index.php(13): CApplication->run()
#17 {main}
REQUEST_URI=/index.php?r=site/login
HTTP_REFERER=http://localhost:5000/index.php?r=site/index
---
2019/12/16 11:40:48 [error] [exception.CDbException] exception 'CDbException' with message 'CDbConnection failed to open the DB connection: SQLSTATE[HY000] [2002] No route to host' in /var/www/html/framework/db/CDbConnection.php:399
Stack trace:
#0 /var/www/html/framework/db/CDbConnection.php(347): CDbConnection->open()
#1 /var/www/html/framework/db/CDbConnection.php(325): CDbConnection->setActive(true)
#2 /var/www/html/framework/base/CModule.php(394): CDbConnection->init()
#3 /var/www/html/framework/base/CApplication.php(459): CModule->getComponent('db')
#4 /var/www/html/framework/db/ar/CActiveRecord.php(639): CApplication->getDb()
#5 /var/www/html/framework/db/ar/CActiveRecord.php(2389): CActiveRecord->getDbConnection()
#6 /var/www/html/framework/db/ar/CActiveRecord.php(413): CActiveRecordMetaData->__construct(Object(Users))
#7 /var/www/html/framework/db/ar/CActiveRecord.php(79): CActiveRecord->getMetaData()
#8 /var/www/html/protected/controllers/SiteController.php(45): CActiveRecord->__construct()
#9 /var/www/html/framework/web/actions/CInlineAction.php(49): SiteController->actionLogin()
#10 /var/www/html/framework/web/CController.php(308): CInlineAction->runWithParams(Array)
#11 /var/www/html/framework/web/CController.php(286): CController->runAction(Object(CInlineAction))
#12 /var/www/html/framework/web/CController.php(265): CController->runActionWithFilters(Object(CInlineAction), Array)
#13 /var/www/html/framework/web/CWebApplication.php(282): CController->run('login')
#14 /var/www/html/framework/web/CWebApplication.php(141): CWebApplication->runController('site/login')
#15 /var/www/html/framework/base/CApplication.php(185): CWebApplication->processRequest()
#16 /var/www/html/index.php(13): CApplication->run()
#17 {main}
REQUEST_URI=/index.php?r=site/login
HTTP_REFERER=http://localhost:5000/index.php?r=site/index
---
